level info: Aug-10-2023 23:11:44 	All employee data founded! .
level info: Aug-10-2023 23:12:06 	Notification created .
level info: Aug-10-2023 23:18:44 	All employee data founded! .
level info: Aug-10-2023 23:19:20 	All employee data founded! .
level info: Aug-11-2023 08:30:08 	All employee data founded! .
level info: Aug-11-2023 08:32:24 	Notification created .
level info: Aug-11-2023 11:56:24 	Notification created .
level info: Aug-11-2023 11:57:47 	Notification created .
level info: Aug-11-2023 11:58:07 	Notification created .
level error: Aug-11-2023 12:29:01 	Error occurs .
level error: Aug-11-2023 12:29:20 	Error occurs .
level error: Aug-11-2023 12:29:28 	Error occurs .
level error: Aug-11-2023 12:31:09 	Error occurs .
level info: Aug-11-2023 14:54:07 	All employee data founded! .
level info: Aug-11-2023 14:54:54 	All employee data founded! .
level info: Aug-12-2023 18:47:53 	Leave approved
level info: Aug-12-2023 18:54:51 	Leave approved
level info: Aug-12-2023 19:04:50 	Leave approved
level info: Aug-12-2023 19:06:24 	Leave approved
level info: Aug-12-2023 19:07:19 	Leave approved
level info: Aug-13-2023 21:01:16 	Leave approved
level info: Aug-13-2023 21:02:58 	Leave approved
level info: Aug-13-2023 21:03:49 	Leave rejected
level info: Aug-13-2023 21:05:44 	Leave rejected
level info: Aug-13-2023 21:07:23 	Leave rejected
level info: Aug-13-2023 21:08:49 	Leave rejected
level info: Aug-13-2023 21:12:23 	Leave approved
level info: Aug-13-2023 22:29:48 	Leave approved
level info: Aug-13-2023 22:30:58 	Leave approved
level info: Aug-13-2023 22:31:24 	Leave approved
level info: Aug-13-2023 22:32:31 	Leave approved
level info: Aug-13-2023 22:32:53 	Leave approved
level info: Aug-13-2023 22:34:38 	Leave approved
level info: Aug-13-2023 22:35:10 	Leave approved
level info: Aug-13-2023 22:36:20 	Leave approved
level info: Aug-14-2023 15:45:47 	Leave approved
level info: Aug-14-2023 15:46:39 	Leave rejected
level info: Aug-14-2023 15:48:34 	Leave approved
level info: Aug-14-2023 15:49:30 	Leave rejected
level info: Aug-14-2023 16:44:27 	Leave rejected
level info: Aug-14-2023 16:45:32 	Leave approved
level info: Aug-14-2023 17:03:00 	All employee data founded! .
level info: Aug-14-2023 17:04:08 	All employee data founded! .
level info: Aug-14-2023 17:05:32 	All employee data founded! .
level info: Aug-14-2023 17:05:35 	All employee data founded! .
level info: Aug-14-2023 17:06:10 	All employee data founded! .
level info: Aug-14-2023 17:32:18 	All employee data founded! .
level info: Aug-14-2023 21:00:25 	Leave approved
level info: Aug-14-2023 21:01:11 	Leave approved
level info: Aug-14-2023 21:02:18 	Leave approved
level info: Aug-14-2023 21:03:47 	Leave approved
level info: Aug-14-2023 21:05:30 	Leave approved
level info: Aug-14-2023 21:10:23 	Leave approved
level info: Aug-14-2023 21:23:20 	Leave approved
level info: Aug-14-2023 21:24:20 	Leave approved
level info: Aug-14-2023 21:25:29 	Leave approved
level info: Aug-15-2023 21:19:46 	All employee data founded! .
level info: Aug-15-2023 21:21:34 	Serched employees
level info: Aug-15-2023 21:21:47 	Serched employees
level info: Aug-15-2023 21:22:00 	Serched employees
level info: Aug-16-2023 15:48:59 	Serched employees
level error: Aug-16-2023 18:30:43 	error Occour
level error: Aug-16-2023 18:30:51 	error Occour
level error: Aug-16-2023 18:32:50 	error Occour
level error: Aug-16-2023 18:33:47 	error Occour
level error: Aug-16-2023 18:34:32 	error Occour
level info: Aug-16-2023 18:38:15 	Leave approved
level info: Aug-16-2023 18:48:56 	Leave approved
level info: Aug-16-2023 18:49:10 	Leave approved
level info: Aug-16-2023 18:52:13 	Leave approved
level info: Aug-16-2023 18:53:13 	Leave approved
level info: Aug-16-2023 18:53:28 	Leave approved
level info: Aug-16-2023 20:49:48 	All employee data found!
level info: Aug-16-2023 20:50:31 	All employee data found!
level info: Aug-16-2023 20:50:52 	All employee data founded! .
level info: Aug-16-2023 20:52:34 	All employee data found!
level info: Aug-16-2023 20:53:37 	All employee data found!
level info: Aug-16-2023 20:53:53 	All employee data found!
level info: Aug-16-2023 21:21:49 	Leave approved
level info: Aug-17-2023 17:07:56 	Leave approved
level info: Aug-17-2023 17:11:57 	Leave approved
level info: Aug-18-2023 17:39:49 	Leave approved
level info: Aug-18-2023 17:55:24 	Leave approved
level error: Aug-18-2023 17:57:54 	error!
level info: Aug-18-2023 17:58:10 	Leave approved
level info: Aug-18-2023 17:58:39 	Leave approved
level info: Aug-18-2023 18:05:15 	Leave approved
level info: Aug-18-2023 18:06:35 	Leave approved
