level error: Aug-01-2023 21:40:14 	Employee Already Exists With This Email
level info: Aug-01-2023 21:48:32 	Employee Created Successfully
level error: Aug-01-2023 21:48:38 	Employee Already Exists With This Email
level info: Aug-01-2023 21:48:43 	Login Successfully ✔
level error: Aug-01-2023 21:48:54 	Email or Password is Incorrect
level info: Aug-01-2023 21:49:02 	Login Successfully ✔
level error: Aug-01-2023 22:19:03 	Employee Already Exists With This Email
level error: Aug-02-2023 16:16:22 	Error: isEmployeeExist is not a function
level error: Aug-02-2023 16:17:14 	Error: isEmployeeExist is not a function
level error: Aug-02-2023 16:17:49 	Error: isEmployeeExist is not a function
level info: Aug-02-2023 16:18:06 	Employee Created Successfully
level info: Aug-02-2023 16:18:16 	Employee Created Successfully
level info: Aug-02-2023 16:19:28 	Employee Created Successfully
level info: Aug-02-2023 16:21:44 	Employee Created Successfully
level info: Aug-02-2023 16:24:35 	Employee Created Successfully
level info: Aug-02-2023 16:24:39 	Employee Created Successfully
level info: Aug-02-2023 16:25:21 	Employee Created Successfully
level info: Aug-02-2023 16:26:00 	Employee Created Successfully
level info: Aug-02-2023 16:26:12 	Employee Created Successfully
level info: Aug-02-2023 16:27:27 	Employee Created Successfully
level error: Aug-02-2023 16:33:41 	Employee Already Exists With This Email
level error: Aug-02-2023 16:33:51 	Employee Already Exists With This Email
level error: Aug-02-2023 16:33:57 	Employee Already Exists With This Email
level error: Aug-02-2023 16:38:25 	Employee Already Exists With This Email
level error: Aug-02-2023 16:40:10 	Employee Already Exists With This Email
level error: Aug-02-2023 16:40:49 	Employee Already Exists With This Email
level error: Aug-02-2023 16:42:01 	Employee Already Exists With This Email
level error: Aug-02-2023 16:42:14 	Employee Already Exists With This Email
level error: Aug-02-2023 16:43:50 	Employee Already Exists With This Email
level error: Aug-02-2023 16:44:34 	Employee Already Exists With This Email
level error: Aug-02-2023 16:46:38 	Employee Already Exists With This Email
level error: Aug-02-2023 16:51:17 	Employee Already Exists With This Email
level info: Aug-02-2023 16:52:16 	Employee Created Successfully
level error: Aug-02-2023 16:53:14 	Error: checkEmpEmail is not a function
level error: Aug-02-2023 16:53:54 	Employee Already Exists With This Email
level error: Aug-02-2023 16:54:04 	Employee Already Exists With This Email
level error: Aug-02-2023 16:54:07 	Employee Already Exists With This Email
level error: Aug-02-2023 16:54:44 	Employee Already Exists With This Email
level error: Aug-02-2023 16:54:46 	Employee Already Exists With This Email
level error: Aug-02-2023 16:55:04 	Employee Already Exists With This Email
level error: Aug-02-2023 16:56:39 	Employee Already Exists With This Email
level error: Aug-02-2023 16:56:49 	Employee Already Exists With This Email
level error: Aug-02-2023 16:58:23 	Employee Already Exists With This Email
level error: Aug-02-2023 17:03:18 	Error: req is not defined
level error: Aug-02-2023 17:03:49 	Error: email is not defined
level error: Aug-02-2023 17:04:50 	Employee Already Exists With This Email
level error: Aug-02-2023 17:06:30 	Employee Already Exists With This Email
level error: Aug-02-2023 17:06:39 	Employee Already Exists With This Email
level error: Aug-02-2023 17:11:19 	Employee Already Exists With This Email
level error: Aug-02-2023 17:11:28 	Employee Already Exists With This Email
level error: Aug-02-2023 17:11:30 	Employee Already Exists With This Email
level error: Aug-02-2023 17:11:46 	Employee Already Exists With This Email
level error: Aug-02-2023 17:17:35 	Employee Already Exists With This Email
level error: Aug-02-2023 17:17:54 	Employee Already Exists With This Email
level error: Aug-02-2023 17:19:31 	Employee Already Exists With This Email
level error: Aug-02-2023 17:19:47 	Employee Already Exists With This Email
level error: Aug-02-2023 17:20:10 	Employee Already Exists With This Email
level error: Aug-02-2023 17:21:33 	Employee Already Exists With This Email
level error: Aug-02-2023 17:22:04 	Employee Already Exists With This Email
level error: Aug-02-2023 17:23:15 	Employee Already Exists With This Email
level error: Aug-02-2023 17:24:49 	Employee Already Exists With This Email
level error: Aug-02-2023 17:25:59 	Employee Already Exists With This Email
level error: Aug-02-2023 17:26:10 	Employee Already Exists With This Email
level error: Aug-02-2023 17:28:02 	Employee Already Exists With This Email
level error: Aug-02-2023 17:28:53 	Employee Already Exists With This Email
level error: Aug-02-2023 17:29:36 	Employee Already Exists With This Email
level error: Aug-02-2023 17:29:52 	Employee Already Exists With This Email
level error: Aug-02-2023 17:30:26 	Employee Already Exists With This Email
level error: Aug-02-2023 17:30:45 	Employee Already Exists With This Email
level error: Aug-02-2023 17:31:17 	Employee Already Exists With This Email
level error: Aug-02-2023 17:31:52 	Employee Already Exists With This Email
level error: Aug-02-2023 17:32:17 	Employee Already Exists With This Email
level error: Aug-02-2023 17:34:50 	Error: isEmployeeExist.isEmployeeExist is not a function
level error: Aug-02-2023 17:35:19 	Error: isEmployeeExist is not defined
level error: Aug-02-2023 17:35:35 	Employee Already Exists With This Email
level info: Aug-02-2023 17:36:35 	Employee Created Successfully
level info: Aug-02-2023 17:36:39 	Employee Created Successfully
level error: Aug-02-2023 17:36:41 	Employee Already Exists With This Email
level info: Aug-02-2023 17:37:03 	Employee Created Successfully
level error: Aug-02-2023 17:37:05 	Employee Already Exists With This Email
level info: Aug-02-2023 17:37:39 	Employee Created Successfully
level error: Aug-02-2023 18:04:51 	Employee Already Exists With This Email
level error: Aug-02-2023 18:05:50 	Employee Already Exists With This Email
level info: Aug-02-2023 18:06:15 	Employee Created Successfully
level error: Aug-02-2023 18:15:30 	Employee Already Exists With This Email
level info: Aug-02-2023 18:20:55 	Employee Created Successfully
level error: Aug-02-2023 18:53:35 	Error: Error: data and hash arguments required
level error: Aug-02-2023 18:55:38 	Error: Error: data and hash arguments required
level error: Aug-02-2023 19:02:17 	Error: Error: data and hash arguments required
level info: Aug-02-2023 19:06:12 	Login Successfully ✔
level error: Aug-02-2023 20:29:41 	bcrypt is not defined
level error: Aug-02-2023 20:30:09 	data and hash arguments required
level error: Aug-02-2023 20:31:15 	data and hash arguments required
level info: Aug-02-2023 20:33:13 	Employee logged in successfully
level error: Aug-02-2023 20:57:41 	Employee Already Exists With This Email
level info: Aug-02-2023 20:57:46 	Employee Created Successfully
level error: Aug-02-2023 21:04:11 	Employee Already Exists With This Email
level info: Aug-02-2023 21:05:28 	Employee Created Successfully
level error: Aug-02-2023 21:05:51 	Employee Already Exists With This Email
level error: Aug-02-2023 21:09:35 	Employee Already Exists With This Email
level info: Aug-03-2023 16:11:52 	Email Sended Successfully ❤
level error: Aug-03-2023 16:44:40 	Cannot access 'empData' before initialization
level info: Aug-03-2023 16:50:12 	Employee logged in successfully
level info: Aug-03-2023 16:50:57 	Employee logged in successfully
level info: Aug-03-2023 17:13:12 	Password Updeted
level info: Aug-03-2023 17:13:23 	Employee logged in successfully
level info: Aug-03-2023 17:13:36 	Password Updeted
level info: Aug-03-2023 17:13:46 	Employee logged in successfully
level error: Aug-03-2023 17:13:56 	Email or password is not valid
level info: Aug-03-2023 17:14:00 	Employee logged in successfully
level info: Aug-03-2023 17:14:49 	Password Updeted
level info: Aug-03-2023 17:21:40 	Password Updeted
level info: Aug-03-2023 17:21:44 	Employee logged in successfully
