level info: Aug-07-2023 17:11:58 	info
level info: Aug-07-2023 17:36:23 	info
level info: Aug-07-2023 17:38:05 	info
level info: Aug-07-2023 17:39:18 	error
level info: Aug-07-2023 17:40:10 	error
level info: Aug-07-2023 17:42:02 	error
level info: Aug-07-2023 17:43:06 	info
level info: Aug-07-2023 17:46:49 	info
level info: Aug-07-2023 18:03:58 	info
level info: Aug-07-2023 18:04:28 	info
level info: Aug-07-2023 18:46:34 	info
level info: Aug-07-2023 18:47:36 	info
level info: Aug-07-2023 18:50:11 	info
level info: Aug-07-2023 18:52:31 	info
level info: Aug-07-2023 18:53:47 	info
level info: Aug-07-2023 19:00:16 	error
level info: Aug-07-2023 19:00:50 	error
level info: Aug-07-2023 19:01:25 	error
level info: Aug-07-2023 19:01:57 	error
level info: Aug-07-2023 22:27:50 	error
level info: Aug-07-2023 22:35:27 	error
level info: Aug-07-2023 22:36:50 	info
level info: Aug-07-2023 22:37:15 	info
level info: Aug-07-2023 22:39:46 	info
level info: Aug-07-2023 22:42:43 	error
level info: Aug-08-2023 16:39:45 	info
level info: Aug-08-2023 16:41:00 	info
level info: Aug-08-2023 17:10:43 	info
level info: Aug-08-2023 17:21:15 	Clock out successful
level info: Aug-08-2023 17:22:40 	Clock out successful
level info: Aug-08-2023 17:23:40 	Clock out successful
level info: Aug-08-2023 17:24:18 	Clock out successful
level error: Aug-08-2023 17:27:41 	Error!
level error: Aug-08-2023 17:28:24 	Error!
level info: Aug-08-2023 17:29:08 	ClockIn successfully!
level info: Aug-08-2023 17:30:03 	ClockIn successfully!
level info: Aug-08-2023 17:34:19 	ClockIn successfully!
level info: Aug-08-2023 17:36:52 	ClockIn successfully!
level info: Aug-08-2023 17:37:33 	ClockIn successfully!
level info: Aug-08-2023 17:39:13 	ClockIn successfully!
level info: Aug-08-2023 17:42:45 	ClockIn successfully!
level error: Aug-08-2023 17:43:53 	Error!
level info: Aug-08-2023 17:46:20 	ClockIn successfully!
level info: Aug-08-2023 17:56:27 	ClockIn successfully!
level error: Aug-08-2023 18:04:18 	Error!
level info: Aug-08-2023 18:05:01 	ClockIn successfully!
level info: Aug-08-2023 18:07:45 	ClockIn successfully!
level info: Aug-08-2023 18:45:44 	ClockIn successfully!
level info: Aug-08-2023 18:46:06 	Clock out successful
level info: Aug-09-2023 09:58:32 	ClockIn successfully!
level info: Aug-09-2023 09:59:40 	Clock out successful
level info: Aug-09-2023 10:00:19 	Clock out successful
level info: Aug-09-2023 10:00:57 	ClockIn successfully!
level info: Aug-09-2023 10:01:15 	Clock out successful
level info: Aug-09-2023 10:13:55 	Clock out successful
level info: Aug-10-2023 18:52:52 	Clock out successful
level info: Aug-10-2023 18:53:08 	ClockIn successfully!
level info: Aug-10-2023 18:53:47 	Clock out successful
level info: Aug-11-2023 14:54:39 	ClockIn successfully!
level info: Aug-11-2023 14:54:45 	Clock out successful
level info: Aug-14-2023 17:05:58 	ClockIn successfully!
level info: Aug-14-2023 17:06:03 	Clock out successful
level info: Aug-15-2023 21:19:08 	ClockIn successfully!
level info: Aug-15-2023 21:19:25 	Clock out successful
level info: Aug-16-2023 20:49:37 	ClockIn successfully!
level info: Aug-16-2023 20:49:43 	Clock out successful
level info: Aug-16-2023 20:53:26 	Clock out successful
level info: Aug-22-2023 16:38:36 	Clock out successful
level error: Aug-22-2023 16:38:36 	Error!
level info: Aug-22-2023 16:39:17 	Clock out successful
level error: Aug-22-2023 16:39:17 	Error!
level info: Aug-22-2023 16:40:22 	Clock out successful
level error: Aug-22-2023 16:40:22 	Error!
level info: Aug-22-2023 16:40:47 	Clock out successful
level info: Aug-22-2023 16:41:11 	Clock out successful
level info: Aug-22-2023 16:41:31 	Clock out successful
level info: Aug-22-2023 16:41:46 	Clock out successful
level info: Aug-22-2023 16:42:55 	Clock out successful
